c:\users\anthony\documents\visual studio 2015\projects\netjettools\netjetcontroller\release\vc141.pdb
c:\users\anthony\documents\visual studio 2015\projects\netjettools\netjetcontroller\release\netjetcontroller.obj
c:\users\anthony\documents\visual studio 2015\projects\netjettools\release\netjetcontroller.dll
c:\users\anthony\documents\visual studio 2015\projects\netjettools\release\netjetcontroller.pdb
c:\users\anthony\documents\visual studio 2015\projects\netjetradio\release\netjetcontroller.lib
c:\users\anthony\documents\visual studio 2015\projects\netjetradio\release\netjetcontroller.exp
c:\users\anthony\documents\visual studio 2015\projects\netjetradio\release\netjetcontroller.ipdb
c:\users\anthony\documents\visual studio 2015\projects\netjetradio\release\netjetcontroller.iobj
c:\users\anthony\documents\visual studio 2015\projects\netjettools\release\netjetcontroller.lib
c:\users\anthony\documents\visual studio 2015\projects\netjettools\release\netjetcontroller.exp
c:\users\anthony\documents\visual studio 2015\projects\netjettools\release\netjetcontroller.ipdb
c:\users\anthony\documents\visual studio 2015\projects\netjettools\release\netjetcontroller.iobj
c:\users\anthony\documents\visual studio 2015\projects\netjettools\netjetcontroller\release\vc140.pdb
c:\users\anthony\documents\visual studio 2015\projects\netjettools\netjetcontroller\release\netjetcontroller.tlog\cl.command.1.tlog
c:\users\anthony\documents\visual studio 2015\projects\netjettools\netjetcontroller\release\netjetcontroller.tlog\cl.read.1.tlog
c:\users\anthony\documents\visual studio 2015\projects\netjettools\netjetcontroller\release\netjetcontroller.tlog\cl.write.1.tlog
c:\users\anthony\documents\visual studio 2015\projects\netjettools\netjetcontroller\release\netjetcontroller.tlog\link.command.1.tlog
c:\users\anthony\documents\visual studio 2015\projects\netjettools\netjetcontroller\release\netjetcontroller.tlog\link.delete.1.tlog
c:\users\anthony\documents\visual studio 2015\projects\netjettools\netjetcontroller\release\netjetcontroller.tlog\link.read.1.tlog
c:\users\anthony\documents\visual studio 2015\projects\netjettools\netjetcontroller\release\netjetcontroller.tlog\link.write.1.tlog
c:\users\anthony\documents\visual studio 2015\projects\netjettools\netjetcontroller\release\netjetcontroller.tlog\netjetcontroller.write.1u.tlog
